<?xml version="1.0" encoding="UTF-8"?>
<!-- Generated by org.testng.reporters.JUnitReportReporter -->
<testsuite hostname="DESKTOP-6VSFPCA" failures="0" tests="1" name="EbayScenario.EbayScenarioTests" time="0.302" errors="0" timestamp="22 Oct 2020 20:14:36 GMT">
  <testcase classname="EbayScenario.EbayScenarioTests" name="Stop_Server" time="0.302"/>
</testsuite> <!-- EbayScenario.EbayScenarioTests -->
